

*******************************************************************************
Sun May 31 12:09:49 2020


FIT:    data read from 'velon0.dat'
        format = z
        #datapoints = 297
        residuals are weighted equally (unit weight)

function used for fitting: f(x)
	f(x) = a + b*log(x)
fitted parameters initialized with current variable values

iter      chisq       delta/lim  lambda   a             b            
   0 1.8110549000e+03   0.00e+00  1.20e+00    1.000000e+00   1.000000e+00
   3 4.8574730644e-01  -2.08e-05  1.20e-03    1.374282e+00  -5.854167e-01

After 3 iterations the fit converged.
final sum of squares of residuals : 0.485747
rel. change during last iteration : -2.08475e-10

degrees of freedom    (FIT_NDF)                        : 295
rms of residuals      (FIT_STDFIT) = sqrt(WSSR/ndf)    : 0.0405783
variance of residuals (reduced chisquare) = WSSR/ndf   : 0.0016466

Final set of parameters            Asymptotic Standard Error
=======================            ==========================
a               = 1.37428          +/- 0.003371     (0.2453%)
b               = -0.585417        +/- 0.002443     (0.4174%)

correlation matrix of the fit parameters:
                a      b      
a               1.000 
b               0.716  1.000 


*******************************************************************************
Sun May 31 12:10:32 2020


FIT:    data read from 'velon0.dat'
        format = z
        #datapoints = 297
        residuals are weighted equally (unit weight)

function used for fitting: f(x)
	f(x) = a + b*log(x)
fitted parameters initialized with current variable values

iter      chisq       delta/lim  lambda   a             b            
   0 1.8110549000e+03   0.00e+00  1.20e+00    1.000000e+00   1.000000e+00
   3 4.8574730644e-01  -2.08e-05  1.20e-03    1.374282e+00  -5.854167e-01

After 3 iterations the fit converged.
final sum of squares of residuals : 0.485747
rel. change during last iteration : -2.08475e-10

degrees of freedom    (FIT_NDF)                        : 295
rms of residuals      (FIT_STDFIT) = sqrt(WSSR/ndf)    : 0.0405783
variance of residuals (reduced chisquare) = WSSR/ndf   : 0.0016466

Final set of parameters            Asymptotic Standard Error
=======================            ==========================
a               = 1.37428          +/- 0.003371     (0.2453%)
b               = -0.585417        +/- 0.002443     (0.4174%)

correlation matrix of the fit parameters:
                a      b      
a               1.000 
b               0.716  1.000 
