

*******************************************************************************
Thu Apr  9 20:19:23 2020


FIT:    data read from 'zero_momentum_temp_dependence.dat'
        format = z
        #datapoints = 20
        residuals are weighted equally (unit weight)

function used for fitting: f(x)
	f(x) = a + b*log(x)
fitted parameters initialized with current variable values

iter      chisq       delta/lim  lambda   a             b            
   0 3.9918334247e+01   0.00e+00  1.75e+00    1.000000e+00   1.000000e+00
   4 2.4442772778e-02  -1.05e-06  1.75e-04    1.034747e+00   3.607361e-01

After 4 iterations the fit converged.
final sum of squares of residuals : 0.0244428
rel. change during last iteration : -1.05372e-11

degrees of freedom    (FIT_NDF)                        : 18
rms of residuals      (FIT_STDFIT) = sqrt(WSSR/ndf)    : 0.0368501
variance of residuals (reduced chisquare) = WSSR/ndf   : 0.00135793

Final set of parameters            Asymptotic Standard Error
=======================            ==========================
a               = 1.03475          +/- 0.02351      (2.272%)
b               = 0.360736         +/- 0.0104       (2.884%)

correlation matrix of the fit parameters:
                a      b      
a               1.000 
b              -0.937  1.000 


*******************************************************************************
Thu Apr  9 20:20:10 2020


FIT:    data read from 'zero_momentum_temp_dependence.dat'
        format = z
        #datapoints = 20
        residuals are weighted equally (unit weight)

function used for fitting: f(x)
	f(x) = a + b*log(x)
fitted parameters initialized with current variable values

iter      chisq       delta/lim  lambda   a             b            
   0 2.4442772778e-02   0.00e+00  9.32e-01    1.034747e+00   3.607361e-01
   1 2.4442772778e-02  -1.99e-10  9.32e-02    1.034747e+00   3.607361e-01

After 1 iterations the fit converged.
final sum of squares of residuals : 0.0244428
rel. change during last iteration : -1.98718e-15

degrees of freedom    (FIT_NDF)                        : 18
rms of residuals      (FIT_STDFIT) = sqrt(WSSR/ndf)    : 0.0368501
variance of residuals (reduced chisquare) = WSSR/ndf   : 0.00135793

Final set of parameters            Asymptotic Standard Error
=======================            ==========================
a               = 1.03475          +/- 0.02351      (2.272%)
b               = 0.360736         +/- 0.0104       (2.884%)

correlation matrix of the fit parameters:
                a      b      
a               1.000 
b              -0.937  1.000 


*******************************************************************************
Thu Apr  9 20:28:06 2020


FIT:    data read from 'zero_momentum_temp_dependence.dat'
        format = z
        #datapoints = 40
        residuals are weighted equally (unit weight)

function used for fitting: f(x)
	f(x) = a + b*log(x)
fitted parameters initialized with current variable values

iter      chisq       delta/lim  lambda   a             b            
   0 1.8580141216e+02   0.00e+00  1.04e+00    1.034747e+00   3.607361e-01
   4 9.8436806318e-02  -5.61e-08  1.04e-04    9.409681e-01  -4.158090e-01

After 4 iterations the fit converged.
final sum of squares of residuals : 0.0984368
rel. change during last iteration : -5.60543e-13

degrees of freedom    (FIT_NDF)                        : 38
rms of residuals      (FIT_STDFIT) = sqrt(WSSR/ndf)    : 0.0508964
variance of residuals (reduced chisquare) = WSSR/ndf   : 0.00259044

Final set of parameters            Asymptotic Standard Error
=======================            ==========================
a               = 0.940968         +/- 0.02696      (2.866%)
b               = -0.415809        +/- 0.009331     (2.244%)

correlation matrix of the fit parameters:
                a      b      
a               1.000 
b               0.954  1.000 


*******************************************************************************
Fri Apr 10 14:22:41 2020


FIT:    data read from 'zero_momentum_temp_dependence.dat'
        format = z
        #datapoints = 50
        residuals are weighted equally (unit weight)

function used for fitting: f(x)
	f(x)=a+b*log(x)
fitted parameters initialized with current variable values

iter      chisq       delta/lim  lambda   a             b            
   0 1.6046390459e+02   0.00e+00  1.15e+00    1.000000e+00   1.000000e+00
   3 1.4452037960e-01  -2.17e-02  1.15e-03    1.063911e+00  -3.519041e-01

After 3 iterations the fit converged.
final sum of squares of residuals : 0.14452
rel. change during last iteration : -2.17282e-07

degrees of freedom    (FIT_NDF)                        : 48
rms of residuals      (FIT_STDFIT) = sqrt(WSSR/ndf)    : 0.0548711
variance of residuals (reduced chisquare) = WSSR/ndf   : 0.00301084

Final set of parameters            Asymptotic Standard Error
=======================            ==========================
a               = 1.06391          +/- 0.01137      (1.069%)
b               = -0.351904        +/- 0.008816     (2.505%)

correlation matrix of the fit parameters:
                a      b      
a               1.000 
b               0.731  1.000 


*******************************************************************************
Fri Apr 10 14:31:42 2020


FIT:    data read from 'zero_momentum_temp_dependence.dat'
        format = z
        #datapoints = 50
        residuals are weighted equally (unit weight)

function used for fitting: f(x)
	f(x) = a+b*log(x)+c*log(x)^2
fitted parameters initialized with current variable values



*******************************************************************************
Fri Apr 10 14:31:45 2020


FIT:    data read from 'zero_momentum_temp_dependence.dat'
        format = z
        #datapoints = 50
        residuals are weighted equally (unit weight)

function used for fitting: f(x)
	f(x) = a+b*log(x)+c*log(x)^2
fitted parameters initialized with current variable values



*******************************************************************************
Fri Apr 10 14:32:09 2020


FIT:    data read from 'zero_momentum_temp_dependence.dat'
        format = z
        #datapoints = 50
        residuals are weighted equally (unit weight)

function used for fitting: f(x)
	f(x) = a+b*log(x)+c*log(x)**2
fitted parameters initialized with current variable values

iter      chisq       delta/lim  lambda   a             b             c            
   0 1.6884586060e+02   0.00e+00  2.15e+00    1.000000e+00   1.000000e+00   1.000000e+00
   4 1.3521481007e-03  -3.43e-04  2.15e-04    1.130475e+00  -1.877082e-01   5.302686e-02

After 4 iterations the fit converged.
final sum of squares of residuals : 0.00135215
rel. change during last iteration : -3.42626e-09

degrees of freedom    (FIT_NDF)                        : 47
rms of residuals      (FIT_STDFIT) = sqrt(WSSR/ndf)    : 0.00536368
variance of residuals (reduced chisquare) = WSSR/ndf   : 2.87691e-05

Final set of parameters            Asymptotic Standard Error
=======================            ==========================
a               = 1.13047          +/- 0.001458     (0.129%)
b               = -0.187708        +/- 0.002482     (1.322%)
c               = 0.0530269        +/- 0.0007517    (1.418%)

correlation matrix of the fit parameters:
                a      b      c      
a               1.000 
b               0.800  1.000 
c               0.647  0.938  1.000 


*******************************************************************************
Thu Apr 16 11:31:02 2020


FIT:    data read from 'zero_momentum_temp_dependence.dat'
        format = z
        #datapoints = 50
        residuals are weighted equally (unit weight)

function used for fitting: f(x)
	f(x) = a + b*exp(1/x)
fitted parameters initialized with current variable values

iter      chisq       delta/lim  lambda   a             b            
   0 2.6881225181e+43   0.00e+00  5.18e+20    1.000000e+00   1.000000e+00
   6 9.9530861333e+00   0.00e+00  5.18e+14    1.000000e+00   3.234648e-22

After 6 iterations the fit converged.
final sum of squares of residuals : 9.95309
rel. change during last iteration : 0

degrees of freedom    (FIT_NDF)                        : 48
rms of residuals      (FIT_STDFIT) = sqrt(WSSR/ndf)    : 0.455364
variance of residuals (reduced chisquare) = WSSR/ndf   : 0.207356

Final set of parameters            Asymptotic Standard Error
=======================            ==========================
a               = 1                +/- 0.06505      (6.505%)
b               = 3.23465e-22      +/- 8.872e-23    (27.43%)

correlation matrix of the fit parameters:
                a      b      
a               1.000 
b              -0.141  1.000 


*******************************************************************************
Thu Apr 16 11:31:35 2020


FIT:    data read from 'zero_momentum_temp_dependence.dat'
        format = z
        #datapoints = 50
        residuals are weighted equally (unit weight)

function used for fitting: f(x)
	f(x) = a + b*exp(c/x)
fitted parameters initialized with current variable values

iter      chisq       delta/lim  lambda   a             b             c            
   0 9.9530861333e+00   0.00e+00  7.05e+00    1.000000e+00   3.234648e-22   1.000000e+00
   4 3.2661343049e+00  -1.06e-02  7.05e-04    1.369416e+00   3.234335e-22   9.950259e-01

After 4 iterations the fit converged.
final sum of squares of residuals : 3.26613
rel. change during last iteration : -1.05824e-07

degrees of freedom    (FIT_NDF)                        : 47
rms of residuals      (FIT_STDFIT) = sqrt(WSSR/ndf)    : 0.263614
variance of residuals (reduced chisquare) = WSSR/ndf   : 0.0694922

Final set of parameters            Asymptotic Standard Error
=======================            ==========================
a               = 1.36942          +/- 0.03805      (2.778%)
b               = 3.23433e-22      +/- 8.208e-12    (2.538e+12%)
c               = 0.995026         +/- 4.951e+08    (4.975e+10%)

correlation matrix of the fit parameters:
                a      b      c      
a               1.000 
b              -0.143  1.000 
c               0.143 -1.000  1.000 


*******************************************************************************
Thu Apr 16 11:31:56 2020


FIT:    data read from 'zero_momentum_temp_dependence.dat'
        format = z
        #datapoints = 50
        residuals are weighted equally (unit weight)

function used for fitting: f(x)
	f(x) = a + b*exp(-c/x)
fitted parameters initialized with current variable values

iter      chisq       delta/lim  lambda   a             b             c            
   0 4.9760959753e+00   0.00e+00  7.91e-01    1.369416e+00   3.234335e-22   9.950259e-01
BREAK: Singular matrix in Invert_RtR

*******************************************************************************
Thu Apr 16 11:32:10 2020


FIT:    data read from 'zero_momentum_temp_dependence.dat'
        format = z
        #datapoints = 50
        residuals are weighted equally (unit weight)

function used for fitting: f(x)
	f(x) = a + b*exp(-c/x)
fitted parameters initialized with current variable values

iter      chisq       delta/lim  lambda   a             b             c            
   0 4.9418967419e+00   0.00e+00  8.06e-01    1.395569e+00   3.234335e-22   9.960209e-01
BREAK: Singular matrix in Invert_RtR

*******************************************************************************
Thu Apr 16 11:34:27 2020


FIT:    data read from 'zero_momentum_temp_dependence.dat'
        format = z
        #datapoints = 50
        residuals are weighted equally (unit weight)

function used for fitting: f(x)
	f(x) = a + b*exp(-c*x)
fitted parameters initialized with current variable values

iter      chisq       delta/lim  lambda   a             b             c            
   0 4.9418967419e+00   0.00e+00  8.06e-01    1.395569e+00   3.234335e-22   9.970169e-01
BREAK: Singular matrix in Invert_RtR

*******************************************************************************
Thu Apr 16 11:37:42 2020


FIT:    data read from 'zero_momentum_temp_dependence.dat'
        format = z
        #datapoints = 50
        residuals are weighted equally (unit weight)

function used for fitting: f(x)
	f(x) = a - b*exp(-c/x)
fitted parameters initialized with current variable values

iter      chisq       delta/lim  lambda   a             b             c            
   0 4.9418967419e+00   0.00e+00  8.06e-01    1.395569e+00   3.234335e-22   9.980140e-01
BREAK: Singular matrix in Invert_RtR

*******************************************************************************
Thu Apr 16 11:37:52 2020


FIT:    data read from 'zero_momentum_temp_dependence.dat'
        format = z
        #datapoints = 50
        residuals are weighted equally (unit weight)

function used for fitting: f(x)
	f(x) = a - b*exp(-c/x)
fitted parameters initialized with current variable values

iter      chisq       delta/lim  lambda   a             b             c            
   0 1.7811601818e+01   0.00e+00  6.08e-01    1.000000e+00   1.000000e+00   1.000000e+00
  18 5.6110977188e-02  -1.60e-01  6.08e-05    2.620426e+00   1.563383e+00   7.360004e-02

After 18 iterations the fit converged.
final sum of squares of residuals : 0.056111
rel. change during last iteration : -1.6015e-06

degrees of freedom    (FIT_NDF)                        : 47
rms of residuals      (FIT_STDFIT) = sqrt(WSSR/ndf)    : 0.0345521
variance of residuals (reduced chisquare) = WSSR/ndf   : 0.00119385

Final set of parameters            Asymptotic Standard Error
=======================            ==========================
a               = 2.62043          +/- 0.03724      (1.421%)
b               = 1.56338          +/- 0.0346       (2.213%)
c               = 0.0736           +/- 0.003746     (5.089%)

correlation matrix of the fit parameters:
                a      b      c      
a               1.000 
b               0.963  1.000 
c              -0.848 -0.708  1.000 


*******************************************************************************
Sun Apr 19 10:05:37 2020


FIT:    data read from 'zero_momentum_temp_dependence.dat'
        format = z
        #datapoints = 50
        residuals are weighted equally (unit weight)

function used for fitting: f(x)
	f(x) = a + b*exp(-c/x)
fitted parameters initialized with current variable values

iter      chisq       delta/lim  lambda   a             b             c            
   0 1.1609370649e+01   0.00e+00  6.08e-01    1.000000e+00   1.000000e+00   1.000000e+00
  24 5.6110978256e-02  -1.88e-01  6.08e-05    2.620421e+00  -1.563380e+00   7.360058e-02

After 24 iterations the fit converged.
final sum of squares of residuals : 0.056111
rel. change during last iteration : -1.87748e-06

degrees of freedom    (FIT_NDF)                        : 47
rms of residuals      (FIT_STDFIT) = sqrt(WSSR/ndf)    : 0.0345521
variance of residuals (reduced chisquare) = WSSR/ndf   : 0.00119385

Final set of parameters            Asymptotic Standard Error
=======================            ==========================
a               = 2.62042          +/- 0.03724      (1.421%)
b               = -1.56338         +/- 0.0346       (2.213%)
c               = 0.0736006        +/- 0.003746     (5.089%)

correlation matrix of the fit parameters:
                a      b      c      
a               1.000 
b              -0.963  1.000 
c              -0.848  0.708  1.000 


*******************************************************************************
Sun Apr 19 10:12:32 2020


FIT:    data read from 'zero_momentum_temp_dependence.dat'
        format = z
        #datapoints = 50
        residuals are weighted equally (unit weight)

function used for fitting: f(x)
	f(x) = a+b*exp(-c/x)
BREAK: Need via and either parameter list or file

*******************************************************************************
Sun Apr 19 10:12:54 2020


FIT:    data read from 'zero_momentum_temp_dependence.dat'
        format = z
        #datapoints = 50
        residuals are weighted equally (unit weight)

function used for fitting: f(x)
	f(x) = a+b*exp(-c/x)
fitted parameters initialized with current variable values

iter      chisq       delta/lim  lambda   a             b             c            
   0 1.1609370649e+01   0.00e+00  6.08e-01    1.000000e+00   1.000000e+00   1.000000e+00
  24 5.6110978256e-02  -1.88e-01  6.08e-05    2.620421e+00  -1.563380e+00   7.360058e-02

After 24 iterations the fit converged.
final sum of squares of residuals : 0.056111
rel. change during last iteration : -1.87748e-06

degrees of freedom    (FIT_NDF)                        : 47
rms of residuals      (FIT_STDFIT) = sqrt(WSSR/ndf)    : 0.0345521
variance of residuals (reduced chisquare) = WSSR/ndf   : 0.00119385

Final set of parameters            Asymptotic Standard Error
=======================            ==========================
a               = 2.62042          +/- 0.03724      (1.421%)
b               = -1.56338         +/- 0.0346       (2.213%)
c               = 0.0736006        +/- 0.003746     (5.089%)

correlation matrix of the fit parameters:
                a      b      c      
a               1.000 
b              -0.963  1.000 
c              -0.848  0.708  1.000 


*******************************************************************************
Sun Apr 19 10:15:02 2020


FIT:    data read from 'zero_momentum_temp_dependence.dat'
        format = z
        #datapoints = 50
        residuals are weighted equally (unit weight)

function used for fitting: f(x)
	f(x) = a+b*exp(-c/x)
fitted parameters initialized with current variable values

iter      chisq       delta/lim  lambda   a             b             c            
   0 1.1609370649e+01   0.00e+00  6.08e-01    1.000000e+00   1.000000e+00   1.000000e+00
  24 5.6110978256e-02  -1.88e-01  6.08e-05    2.620421e+00  -1.563380e+00   7.360058e-02

After 24 iterations the fit converged.
final sum of squares of residuals : 0.056111
rel. change during last iteration : -1.87748e-06

degrees of freedom    (FIT_NDF)                        : 47
rms of residuals      (FIT_STDFIT) = sqrt(WSSR/ndf)    : 0.0345521
variance of residuals (reduced chisquare) = WSSR/ndf   : 0.00119385

Final set of parameters            Asymptotic Standard Error
=======================            ==========================
a               = 2.62042          +/- 0.03724      (1.421%)
b               = -1.56338         +/- 0.0346       (2.213%)
c               = 0.0736006        +/- 0.003746     (5.089%)

correlation matrix of the fit parameters:
                a      b      c      
a               1.000 
b              -0.963  1.000 
c              -0.848  0.708  1.000 


*******************************************************************************
Sun Apr 19 10:17:12 2020


FIT:    data read from 'zero_momentum_temp_dependence.dat'
        format = z
        #datapoints = 50
        residuals are weighted equally (unit weight)

function used for fitting: f(x)
	f(x) = a+b*exp(-c/x)
fitted parameters initialized with current variable values

iter      chisq       delta/lim  lambda   a             b             c            
   0 1.1609370649e+01   0.00e+00  6.08e-01    1.000000e+00   1.000000e+00   1.000000e+00
  24 5.6110978256e-02  -1.88e-01  6.08e-05    2.620421e+00  -1.563380e+00   7.360058e-02

After 24 iterations the fit converged.
final sum of squares of residuals : 0.056111
rel. change during last iteration : -1.87748e-06

degrees of freedom    (FIT_NDF)                        : 47
rms of residuals      (FIT_STDFIT) = sqrt(WSSR/ndf)    : 0.0345521
variance of residuals (reduced chisquare) = WSSR/ndf   : 0.00119385

Final set of parameters            Asymptotic Standard Error
=======================            ==========================
a               = 2.62042          +/- 0.03724      (1.421%)
b               = -1.56338         +/- 0.0346       (2.213%)
c               = 0.0736006        +/- 0.003746     (5.089%)

correlation matrix of the fit parameters:
                a      b      c      
a               1.000 
b              -0.963  1.000 
c              -0.848  0.708  1.000 


*******************************************************************************
Sun Apr 19 10:17:32 2020


FIT:    data read from 'zero_momentum_temp_dependence.dat'
        format = z
        #datapoints = 50
        residuals are weighted equally (unit weight)

function used for fitting: f(x)
	f(x) = a+b*exp(-c/x)
fitted parameters initialized with current variable values

iter      chisq       delta/lim  lambda   a             b             c            
   0 1.1609370649e+01   0.00e+00  6.08e-01    1.000000e+00   1.000000e+00   1.000000e+00
  24 5.6110978256e-02  -1.88e-01  6.08e-05    2.620421e+00  -1.563380e+00   7.360058e-02

After 24 iterations the fit converged.
final sum of squares of residuals : 0.056111
rel. change during last iteration : -1.87748e-06

degrees of freedom    (FIT_NDF)                        : 47
rms of residuals      (FIT_STDFIT) = sqrt(WSSR/ndf)    : 0.0345521
variance of residuals (reduced chisquare) = WSSR/ndf   : 0.00119385

Final set of parameters            Asymptotic Standard Error
=======================            ==========================
a               = 2.62042          +/- 0.03724      (1.421%)
b               = -1.56338         +/- 0.0346       (2.213%)
c               = 0.0736006        +/- 0.003746     (5.089%)

correlation matrix of the fit parameters:
                a      b      c      
a               1.000 
b              -0.963  1.000 
c              -0.848  0.708  1.000 


*******************************************************************************
Sun Apr 19 10:18:51 2020


FIT:    data read from 'zero_momentum_temp_dependence.dat'
        format = z
        #datapoints = 50
        residuals are weighted equally (unit weight)

function used for fitting: f(x)
	f(x) = a+b*exp(-c/x)
fitted parameters initialized with current variable values

iter      chisq       delta/lim  lambda   a             b             c            
   0 1.1609370649e+01   0.00e+00  6.08e-01    1.000000e+00   1.000000e+00   1.000000e+00
  24 5.6110978256e-02  -1.88e-01  6.08e-05    2.620421e+00  -1.563380e+00   7.360058e-02

After 24 iterations the fit converged.
final sum of squares of residuals : 0.056111
rel. change during last iteration : -1.87748e-06

degrees of freedom    (FIT_NDF)                        : 47
rms of residuals      (FIT_STDFIT) = sqrt(WSSR/ndf)    : 0.0345521
variance of residuals (reduced chisquare) = WSSR/ndf   : 0.00119385

Final set of parameters            Asymptotic Standard Error
=======================            ==========================
a               = 2.62042          +/- 0.03724      (1.421%)
b               = -1.56338         +/- 0.0346       (2.213%)
c               = 0.0736006        +/- 0.003746     (5.089%)

correlation matrix of the fit parameters:
                a      b      c      
a               1.000 
b              -0.963  1.000 
c              -0.848  0.708  1.000 


*******************************************************************************
Sat Apr 25 14:24:41 2020


FIT:    data read from 'zero_momentum_temp_dependence.dat'
        format = z
        #datapoints = 50
        residuals are weighted equally (unit weight)

function used for fitting: f(x)
	f(x) = a+b*exp(-1/x)
fitted parameters initialized with current variable values

iter      chisq       delta/lim  lambda   a             b             c            
   0 1.1609370649e+01   0.00e+00  5.88e-01    1.000000e+00   1.000000e+00   1.000000e+00
BREAK: Singular matrix in Invert_RtR

*******************************************************************************
Sat Apr 25 14:25:13 2020


FIT:    data read from 'zero_momentum_temp_dependence.dat'
        format = z
        #datapoints = 50
        residuals are weighted equally (unit weight)

function used for fitting: f(x)
	f(x) = a+b*exp(-1/x)
fitted parameters initialized with current variable values

iter      chisq       delta/lim  lambda   a             b             c            
   0 1.1609370649e+01   0.00e+00  5.88e-01    1.000000e+00   1.000000e+00   1.000000e+00
BREAK: Singular matrix in Invert_RtR

*******************************************************************************
Sat Apr 25 14:25:33 2020


FIT:    data read from 'zero_momentum_temp_dependence.dat'
        format = z
        #datapoints = 50
        residuals are weighted equally (unit weight)

function used for fitting: f(x)
	f(x) = a-b*exp(-1/x)
fitted parameters initialized with current variable values

iter      chisq       delta/lim  lambda   a             b            
   0 1.7811601818e+01   0.00e+00  7.21e-01    1.000000e+00   1.000000e+00
   3 2.2346805647e+00  -2.27e-01  7.21e-04    1.677867e+00   1.854944e+00

After 3 iterations the fit converged.
final sum of squares of residuals : 2.23468
rel. change during last iteration : -2.26691e-06

degrees of freedom    (FIT_NDF)                        : 48
rms of residuals      (FIT_STDFIT) = sqrt(WSSR/ndf)    : 0.215768
variance of residuals (reduced chisquare) = WSSR/ndf   : 0.0465558

Final set of parameters            Asymptotic Standard Error
=======================            ==========================
a               = 1.67787          +/- 0.04797      (2.859%)
b               = 1.85494          +/- 0.2433       (13.11%)

correlation matrix of the fit parameters:
                a      b      
a               1.000 
b               0.772  1.000 


*******************************************************************************
Sat Apr 25 14:26:19 2020


FIT:    data read from 'zero_momentum_temp_dependence.dat'
        format = z
        #datapoints = 50
        residuals are weighted equally (unit weight)

function used for fitting: f(x)
	f(x) = a-b*exp(-1/x)
fitted parameters initialized with current variable values

iter      chisq       delta/lim  lambda   a             b            
   0 1.7811601818e+01   0.00e+00  7.21e-01    1.000000e+00   1.000000e+00
   3 2.2346805647e+00  -2.27e-01  7.21e-04    1.677867e+00   1.854944e+00

After 3 iterations the fit converged.
final sum of squares of residuals : 2.23468
rel. change during last iteration : -2.26691e-06

degrees of freedom    (FIT_NDF)                        : 48
rms of residuals      (FIT_STDFIT) = sqrt(WSSR/ndf)    : 0.215768
variance of residuals (reduced chisquare) = WSSR/ndf   : 0.0465558

Final set of parameters            Asymptotic Standard Error
=======================            ==========================
a               = 1.67787          +/- 0.04797      (2.859%)
b               = 1.85494          +/- 0.2433       (13.11%)

correlation matrix of the fit parameters:
                a      b      
a               1.000 
b               0.772  1.000 


*******************************************************************************
Sat Apr 25 14:26:40 2020


FIT:    data read from 'zero_momentum_temp_dependence.dat'
        format = z
        #datapoints = 50
        residuals are weighted equally (unit weight)

function used for fitting: f(x)
	f(x) = a+b*exp(-c/x)
fitted parameters initialized with current variable values

iter      chisq       delta/lim  lambda   a             b             c            
   0 1.1609370649e+01   0.00e+00  6.08e-01    1.000000e+00   1.000000e+00   1.000000e+00
  24 5.6110978256e-02  -1.88e-01  6.08e-05    2.620421e+00  -1.563380e+00   7.360058e-02

After 24 iterations the fit converged.
final sum of squares of residuals : 0.056111
rel. change during last iteration : -1.87748e-06

degrees of freedom    (FIT_NDF)                        : 47
rms of residuals      (FIT_STDFIT) = sqrt(WSSR/ndf)    : 0.0345521
variance of residuals (reduced chisquare) = WSSR/ndf   : 0.00119385

Final set of parameters            Asymptotic Standard Error
=======================            ==========================
a               = 2.62042          +/- 0.03724      (1.421%)
b               = -1.56338         +/- 0.0346       (2.213%)
c               = 0.0736006        +/- 0.003746     (5.089%)

correlation matrix of the fit parameters:
                a      b      c      
a               1.000 
b              -0.963  1.000 
c              -0.848  0.708  1.000 


*******************************************************************************
Sat Apr 25 19:25:18 2020


FIT:    data read from 'zero_momentum_temp_dependence.dat'
        format = z
        #datapoints = 50
        residuals are weighted equally (unit weight)

function used for fitting: f(x)
	f(x) = a+b*log(x)
fitted parameters initialized with current variable values

iter      chisq       delta/lim  lambda   a             b            
   0 1.6046390459e+02   0.00e+00  1.15e+00    1.000000e+00   1.000000e+00
   3 1.4452037960e-01  -2.17e-02  1.15e-03    1.063911e+00  -3.519041e-01

After 3 iterations the fit converged.
final sum of squares of residuals : 0.14452
rel. change during last iteration : -2.17282e-07

degrees of freedom    (FIT_NDF)                        : 48
rms of residuals      (FIT_STDFIT) = sqrt(WSSR/ndf)    : 0.0548711
variance of residuals (reduced chisquare) = WSSR/ndf   : 0.00301084

Final set of parameters            Asymptotic Standard Error
=======================            ==========================
a               = 1.06391          +/- 0.01137      (1.069%)
b               = -0.351904        +/- 0.008816     (2.505%)

correlation matrix of the fit parameters:
                a      b      
a               1.000 
b               0.731  1.000 


*******************************************************************************
Sat Apr 25 19:28:09 2020


FIT:    data read from 'zero_momentum_temp_dependence.dat'
        format = z
        #datapoints = 50
        residuals are weighted equally (unit weight)

function used for fitting: f(x)
	f(x) = a+b*log(x)
fitted parameters initialized with current variable values

iter      chisq       delta/lim  lambda   a             b            
   0 1.6046390459e+02   0.00e+00  1.15e+00    1.000000e+00   1.000000e+00
   3 1.4452037960e-01  -2.17e-02  1.15e-03    1.063911e+00  -3.519041e-01

After 3 iterations the fit converged.
final sum of squares of residuals : 0.14452
rel. change during last iteration : -2.17282e-07

degrees of freedom    (FIT_NDF)                        : 48
rms of residuals      (FIT_STDFIT) = sqrt(WSSR/ndf)    : 0.0548711
variance of residuals (reduced chisquare) = WSSR/ndf   : 0.00301084

Final set of parameters            Asymptotic Standard Error
=======================            ==========================
a               = 1.06391          +/- 0.01137      (1.069%)
b               = -0.351904        +/- 0.008816     (2.505%)

correlation matrix of the fit parameters:
                a      b      
a               1.000 
b               0.731  1.000 


*******************************************************************************
Sat Apr 25 19:28:09 2020


FIT:    data read from 'zero_momentum_temp_dependence.dat'
        format = z
        #datapoints = 50
        residuals are weighted equally (unit weight)

function used for fitting: g(x)
	g(x) = c+d*log(x) + e*log(x)^2
fitted parameters initialized with current variable values



*******************************************************************************
Sat Apr 25 19:29:04 2020


FIT:    data read from 'zero_momentum_temp_dependence.dat'
        format = z
        #datapoints = 50
        residuals are weighted equally (unit weight)

function used for fitting: f(x)
	f(x) = a+b*log(x)
fitted parameters initialized with current variable values

iter      chisq       delta/lim  lambda   a             b            
   0 1.6046390459e+02   0.00e+00  1.15e+00    1.000000e+00   1.000000e+00
   3 1.4452037960e-01  -2.17e-02  1.15e-03    1.063911e+00  -3.519041e-01

After 3 iterations the fit converged.
final sum of squares of residuals : 0.14452
rel. change during last iteration : -2.17282e-07

degrees of freedom    (FIT_NDF)                        : 48
rms of residuals      (FIT_STDFIT) = sqrt(WSSR/ndf)    : 0.0548711
variance of residuals (reduced chisquare) = WSSR/ndf   : 0.00301084

Final set of parameters            Asymptotic Standard Error
=======================            ==========================
a               = 1.06391          +/- 0.01137      (1.069%)
b               = -0.351904        +/- 0.008816     (2.505%)

correlation matrix of the fit parameters:
                a      b      
a               1.000 
b               0.731  1.000 


*******************************************************************************
Sat Apr 25 19:29:04 2020


FIT:    data read from 'zero_momentum_temp_dependence.dat'
        format = z
        #datapoints = 50
        residuals are weighted equally (unit weight)

function used for fitting: g(x)
	g(x) = c+d*log(x) + e*log(x)^2
fitted parameters initialized with current variable values



*******************************************************************************
Sat Apr 25 19:29:36 2020


FIT:    data read from 'zero_momentum_temp_dependence.dat'
        format = z
        #datapoints = 50
        residuals are weighted equally (unit weight)

function used for fitting: f(x)
	f(x) = a+b*log(x)
fitted parameters initialized with current variable values

iter      chisq       delta/lim  lambda   a             b            
   0 1.6046390459e+02   0.00e+00  1.15e+00    1.000000e+00   1.000000e+00
   3 1.4452037960e-01  -2.17e-02  1.15e-03    1.063911e+00  -3.519041e-01

After 3 iterations the fit converged.
final sum of squares of residuals : 0.14452
rel. change during last iteration : -2.17282e-07

degrees of freedom    (FIT_NDF)                        : 48
rms of residuals      (FIT_STDFIT) = sqrt(WSSR/ndf)    : 0.0548711
variance of residuals (reduced chisquare) = WSSR/ndf   : 0.00301084

Final set of parameters            Asymptotic Standard Error
=======================            ==========================
a               = 1.06391          +/- 0.01137      (1.069%)
b               = -0.351904        +/- 0.008816     (2.505%)

correlation matrix of the fit parameters:
                a      b      
a               1.000 
b               0.731  1.000 


*******************************************************************************
Sat Apr 25 19:29:36 2020


FIT:    data read from 'zero_momentum_temp_dependence.dat'
        format = z
        #datapoints = 50
        residuals are weighted equally (unit weight)

function used for fitting: g(x)
	g(x) = c+d*log(x)+e*log(x)*log(x)
fitted parameters initialized with current variable values

iter      chisq       delta/lim  lambda   c             d             e            
   0 1.6884586060e+02   0.00e+00  2.15e+00    1.000000e+00   1.000000e+00   1.000000e+00
   4 1.3521481007e-03  -3.43e-04  2.15e-04    1.130475e+00  -1.877082e-01   5.302686e-02

After 4 iterations the fit converged.
final sum of squares of residuals : 0.00135215
rel. change during last iteration : -3.42625e-09

degrees of freedom    (FIT_NDF)                        : 47
rms of residuals      (FIT_STDFIT) = sqrt(WSSR/ndf)    : 0.00536368
variance of residuals (reduced chisquare) = WSSR/ndf   : 2.87691e-05

Final set of parameters            Asymptotic Standard Error
=======================            ==========================
c               = 1.13047          +/- 0.001458     (0.129%)
d               = -0.187708        +/- 0.002482     (1.322%)
e               = 0.0530269        +/- 0.0007517    (1.418%)

correlation matrix of the fit parameters:
                c      d      e      
c               1.000 
d               0.800  1.000 
e               0.647  0.938  1.000 


*******************************************************************************
Sat Apr 25 19:30:17 2020


FIT:    data read from 'zero_momentum_temp_dependence.dat'
        format = z
        #datapoints = 50
        residuals are weighted equally (unit weight)

function used for fitting: f(x)
	f(x) = a+b*log(x)
fitted parameters initialized with current variable values

iter      chisq       delta/lim  lambda   a             b            
   0 1.6046390459e+02   0.00e+00  1.15e+00    1.000000e+00   1.000000e+00
   3 1.4452037960e-01  -2.17e-02  1.15e-03    1.063911e+00  -3.519041e-01

After 3 iterations the fit converged.
final sum of squares of residuals : 0.14452
rel. change during last iteration : -2.17282e-07

degrees of freedom    (FIT_NDF)                        : 48
rms of residuals      (FIT_STDFIT) = sqrt(WSSR/ndf)    : 0.0548711
variance of residuals (reduced chisquare) = WSSR/ndf   : 0.00301084

Final set of parameters            Asymptotic Standard Error
=======================            ==========================
a               = 1.06391          +/- 0.01137      (1.069%)
b               = -0.351904        +/- 0.008816     (2.505%)

correlation matrix of the fit parameters:
                a      b      
a               1.000 
b               0.731  1.000 


*******************************************************************************
Sat Apr 25 19:30:17 2020


FIT:    data read from 'zero_momentum_temp_dependence.dat'
        format = z
        #datapoints = 50
        residuals are weighted equally (unit weight)

function used for fitting: g(x)
	g(x) = c+d*log(x)+e*log(x)*log(x)
fitted parameters initialized with current variable values

iter      chisq       delta/lim  lambda   c             d             e            
   0 1.6884586060e+02   0.00e+00  2.15e+00    1.000000e+00   1.000000e+00   1.000000e+00
   4 1.3521481007e-03  -3.43e-04  2.15e-04    1.130475e+00  -1.877082e-01   5.302686e-02

After 4 iterations the fit converged.
final sum of squares of residuals : 0.00135215
rel. change during last iteration : -3.42625e-09

degrees of freedom    (FIT_NDF)                        : 47
rms of residuals      (FIT_STDFIT) = sqrt(WSSR/ndf)    : 0.00536368
variance of residuals (reduced chisquare) = WSSR/ndf   : 2.87691e-05

Final set of parameters            Asymptotic Standard Error
=======================            ==========================
c               = 1.13047          +/- 0.001458     (0.129%)
d               = -0.187708        +/- 0.002482     (1.322%)
e               = 0.0530269        +/- 0.0007517    (1.418%)

correlation matrix of the fit parameters:
                c      d      e      
c               1.000 
d               0.800  1.000 
e               0.647  0.938  1.000 


*******************************************************************************
Sat Apr 25 19:31:52 2020


FIT:    data read from 'zero_momentum_temp_dependence.dat'
        format = z
        #datapoints = 50
        residuals are weighted equally (unit weight)

function used for fitting: f(x)
	f(x) = a+b*log(x)
fitted parameters initialized with current variable values

iter      chisq       delta/lim  lambda   a             b            
   0 1.6046390459e+02   0.00e+00  1.15e+00    1.000000e+00   1.000000e+00
   3 1.4452037960e-01  -2.17e-02  1.15e-03    1.063911e+00  -3.519041e-01

After 3 iterations the fit converged.
final sum of squares of residuals : 0.14452
rel. change during last iteration : -2.17282e-07

degrees of freedom    (FIT_NDF)                        : 48
rms of residuals      (FIT_STDFIT) = sqrt(WSSR/ndf)    : 0.0548711
variance of residuals (reduced chisquare) = WSSR/ndf   : 0.00301084

Final set of parameters            Asymptotic Standard Error
=======================            ==========================
a               = 1.06391          +/- 0.01137      (1.069%)
b               = -0.351904        +/- 0.008816     (2.505%)

correlation matrix of the fit parameters:
                a      b      
a               1.000 
b               0.731  1.000 


*******************************************************************************
Sat Apr 25 19:31:52 2020


FIT:    data read from 'zero_momentum_temp_dependence.dat'
        format = z
        #datapoints = 50
        residuals are weighted equally (unit weight)

function used for fitting: g(x)
	g(x) = c+d*log(x)+e*log(x)*log(x)
fitted parameters initialized with current variable values

iter      chisq       delta/lim  lambda   c             d             e            
   0 1.6884586060e+02   0.00e+00  2.15e+00    1.000000e+00   1.000000e+00   1.000000e+00
   4 1.3521481007e-03  -3.43e-04  2.15e-04    1.130475e+00  -1.877082e-01   5.302686e-02

After 4 iterations the fit converged.
final sum of squares of residuals : 0.00135215
rel. change during last iteration : -3.42625e-09

degrees of freedom    (FIT_NDF)                        : 47
rms of residuals      (FIT_STDFIT) = sqrt(WSSR/ndf)    : 0.00536368
variance of residuals (reduced chisquare) = WSSR/ndf   : 2.87691e-05

Final set of parameters            Asymptotic Standard Error
=======================            ==========================
c               = 1.13047          +/- 0.001458     (0.129%)
d               = -0.187708        +/- 0.002482     (1.322%)
e               = 0.0530269        +/- 0.0007517    (1.418%)

correlation matrix of the fit parameters:
                c      d      e      
c               1.000 
d               0.800  1.000 
e               0.647  0.938  1.000 
