

*******************************************************************************
Sat Apr 11 12:03:16 2020


FIT:    data read from 'velon0.dat'
        format = z
        #datapoints = 297
        residuals are weighted equally (unit weight)

function used for fitting: f(x)
	f(x)= a+b*log(x)
fitted parameters initialized with current variable values

iter      chisq       delta/lim  lambda   a             b            
   0 1.9475660851e+03   0.00e+00  1.20e+00    1.000000e+00   1.000000e+00
   3 2.9675201644e-01  -2.35e-06  1.20e-03    1.773124e+00  -4.131825e-01

After 3 iterations the fit converged.
final sum of squares of residuals : 0.296752
rel. change during last iteration : -2.35036e-11

degrees of freedom    (FIT_NDF)                        : 295
rms of residuals      (FIT_STDFIT) = sqrt(WSSR/ndf)    : 0.0317165
variance of residuals (reduced chisquare) = WSSR/ndf   : 0.00100594

Final set of parameters            Asymptotic Standard Error
=======================            ==========================
a               = 1.77312          +/- 0.002635     (0.1486%)
b               = -0.413182        +/- 0.00191      (0.4622%)

correlation matrix of the fit parameters:
                a      b      
a               1.000 
b               0.716  1.000 
